1746490391630:help
1746490413245:exit
1746492110217:order
1746492113743:help
1746492146990:exit
1746492155018:help
1746492158265:hello
1746492171137:order
1746492254929:exit
1746492262760:order
1746492264521:ls
1746492338936:exit
1746492349679:help order
1746492352953:order
1746492395136:exit
1746492628967:help
1746492633760:help order
1746492635592:order
1746492636727:exit
1746492644105:help
1746492727319:exit
1746492748535:help
1746492753711:help order
1746492812108:exit
1746492855887:help
1746492859653:help order
1746492861293:order
1746493001260:exit
1746493007867:help
1746493011238:order
1746493397768:help
1746493399592:order
1746494152847:exit
1746494747393:help
1746494749970:order
1746494940886:exit
1746494956993:help
1746494958457:order
1746495018057:exit
1746495024678:order
1746495041893:exit
1746495049647:order
1746495051600:exit
1746495400990:help
1746495402484:order
1746495460484:exit
1746509242734:help
1746509245590:order
1746509265799:exit
1746509272574:help
1746509275796:help order
1746509277116:exit
1746509371054:help
1746509374197:order
1746509441830:exit
1746509449462:help
1746509453068:ir.order
1746509456334:ir.install
1746509457854:install
1746509461662:help
1746509464351:exit
1746509530446:help
1746509534654:ir install
1746509566574:help
1746509569815:ir order
1746509572750:ir install
1746509604582:exit
1746509712518:help
1746509717893:exit
1746509953806:help
1746509985461:exit
1746509992870:help
1746509995956:ir order
1746509997767:exit
1746510172382:help
1746510177236:order
1746510179534:install
1746510192798:exit
1746510203926:help
1746510205821:order
1746510207702:install
1746510210182:exit
1746510240799:help
1746510244398:order
1746510280583:help
1746510284310:help orer
1746510286732:help order
1746510295499:order
1746510297654:exit
1746511890205:order
1746511918075:stacktrace
1746511937243:exit
1746511946380:order
1746511966467:install
1746513516188:exit
1746513526051:help
1746513530213:order
1746513533292:install
1746513535092:exit
1746686315238:help
1746686320426:order
1746686327700:install
1746686333184:order
1746686346993:install
1746686351728:order
1746686356304:exit
1746687302544:order
1746687304761:exit
1746688880602:order
1746688882833:install
1746688898851:exit
1746688906489:install
1746688930817:exit
1746688942715:install
1746689238192:exit
1746689245349:install
1746689341770:exit
1746689349427:install
1746689672409:exit
1746689684504:install
1746689696291:exit
1746689703419:install
1746689710098:exit
1746689719531:install
1746689756835:exit
1746689873364:install
1746690949397:exit
1746690961882:install
1746690982284:exit
1746690989979:install
1746691379594:exit
1746691579830:install
1746691601176:stacktrace
1746691709995:exit
1746691717657:install
1746692574591:exit
1746692584684:install
1746692875303:exit
1746692883384:install
1746693374061:exit
1746771048257:install
1746771325743:exit
1746771341922:install
1746771487890:exit
1746771495410:install
1746772277059:exit
1746772286477:install
1746772307159:stacktrace
1746772322216:install
1746772392934:exit
1746772419199:install
1746772648334:exit
1746772655940:install
1746772740862:stacktrace
1746772917482:install
1746773598863:exit
1746773608632:install
1746775550858:exit
1746775565371:install
1746781426858:exit
1746781438296:install
1746781561011:exit
1746783467609:order
1746783515570:exit
1746783522978:order
1746784361771:stacktrace
1746784394578:exit
1746784403179:order
1746784670702:exit
1746784682204:order
1746784779118:exit
1746784786950:order
1746784811276:install
1746784842204:exit
1746785525884:order
1746785529515:exit
1746786378931:order
1746786420089:exit
1746786440492:order
1746786447235:stacktrace
1746786534825:exit
1746786545866:order
1746786834147:exit
1746786841797:order
1746789396725:exit
1746847651951:order
1746848053404:install
1746848071865:exit
1746849303148:order
1746850419135:exit
1746850578722:order
1746850672561:exit
1746850679474:order
1746851141100:exit
1746851147867:order
1746851156460:install
1746851159603:exit
1746866565235:order
1746866777359:exit
1746866785973:order
1746866801268:install
1746878386189:exit
1746982031149:order
1746982041131:install
1746982180715:exit
1746982190506:order
1746982283607:exit
1746982295002:order
1746987777672:install
1746988031560:exit
1747384290950:order
1747384353583:bye
1747384355879:exit
1747563560549:order
1747563566837:install
1747563723881:exit
1747563734898:order
1747563739016:install
1747563780720:exit
1747564285683:order
1747564348305:install
1747564351816:exit
1747564660313:order\nsleep 180\ninstall
1747564709120:sleep 30
1747564713639:help
1747564799557:exit
1747565132926:order
1747565138478:install
1747565251938:exit
1747565261140:order
1747565264619:install
1747565515272:exit
1747565525658:order
1747565577097:install
1747565596961:exit
1747716486448:order
1747717230326:exit
